<?xml version='1.0'?>
<ns2:test-suite xmlns:ns2='urn:model.allure.qatools.yandex.ru' start='1676226754755' stop='1676226755075'>
    <name>should test Service dropdown in the top nav bar</name>
    <title>should test Service dropdown in the top nav bar</title>
    <test-cases>
        <test-case start='1676226754755' status='broken' stop='1676226754950'>
            <name>should click on the “Services” dropdown in the top nav bar,</name>
            <title>should click on the “Services” dropdown in the top nav bar,</title>
            <labels>
                <label name='language' value='javascript'/>
                <label name='framework' value='wdio'/>
                <label name='thread' value='0-1'/>
            </labels>
            <parameters>
                <parameter kind='argument' name='browser' value='chrome-109.0.0.0'/>
            </parameters>
            <steps>
                <step start='1676226754764' status='passed' stop='1676226754782'>
                    <name>findElements</name>
                    <title>findElements</title>
                    <attachments>
                        <attachment title='Request' source='1da2581f-df82-433a-a081-5ac24c9a65bb-attachment.json' type='application/json' size='55'/>
                        <attachment title='Response' source='80fc0e5b-b7c7-4042-87f1-285d0852332c-attachment.json' type='application/json' size='2'/>
                    </attachments>
                    <steps/>
                </step>
                <step start='1676226754789' status='passed' stop='1676226754949'>
                    <name>takeScreenshot</name>
                    <title>takeScreenshot</title>
                    <attachments>
                        <attachment title='Screenshot' source='be8797d3-1afe-4ede-8e3a-793e0f51f508-attachment.png' type='image/png' size='17427'/>
                    </attachments>
                    <steps/>
                </step>
            </steps>
            <attachments/>
            <failure>
                <message>Element could not be found</message>
                <stack-trace>Error: Element could not be found
                    at processTicksAndRejections (node:internal/process/task_queues:96:5)</stack-trace>
            </failure>
        </test-case>
        <test-case start='1676226754950' status='broken' stop='1676226755075'>
            <name>should verify that user landed on the expected URL</name>
            <title>should verify that user landed on the expected URL</title>
            <labels>
                <label name='language' value='javascript'/>
                <label name='framework' value='wdio'/>
                <label name='thread' value='0-1'/>
            </labels>
            <parameters>
                <parameter kind='argument' name='browser' value='chrome-109.0.0.0'/>
            </parameters>
            <steps>
                <step start='1676226754952' status='passed' stop='1676226754954'>
                    <name>findElements</name>
                    <title>findElements</title>
                    <attachments>
                        <attachment title='Request' source='02248d67-2925-48de-abcb-8c99df1dbe1f-attachment.json' type='application/json' size='54'/>
                        <attachment title='Response' source='00f699e2-e12a-456d-b136-4886bff13241-attachment.json' type='application/json' size='2'/>
                    </attachments>
                    <steps/>
                </step>
                <step start='1676226754956' status='passed' stop='1676226755074'>
                    <name>takeScreenshot</name>
                    <title>takeScreenshot</title>
                    <attachments>
                        <attachment title='Screenshot' source='82ba1b93-13c9-41b0-bc5f-f88487647ef8-attachment.png' type='image/png' size='17427'/>
                    </attachments>
                    <steps/>
                </step>
            </steps>
            <attachments/>
            <failure>
                <message>Element could not be found</message>
                <stack-trace>Error: Element could not be found
                    at processTicksAndRejections (node:internal/process/task_queues:96:5)</stack-trace>
            </failure>
        </test-case>
    </test-cases>
</ns2:test-suite>