<?xml version='1.0'?>
<ns2:test-suite xmlns:ns2='urn:model.allure.qatools.yandex.ru' start='1676229158925' stop='1676229159250'>
    <name>should test Service dropdown in the top nav bar</name>
    <title>should test Service dropdown in the top nav bar</title>
    <test-cases>
        <test-case start='1676229158926' status='broken' stop='1676229159112'>
            <name>should click on the “Services” dropdown in the top nav bar,</name>
            <title>should click on the “Services” dropdown in the top nav bar,</title>
            <labels>
                <label name='language' value='javascript'/>
                <label name='framework' value='wdio'/>
                <label name='thread' value='0-1'/>
            </labels>
            <parameters>
                <parameter kind='argument' name='browser' value='chrome-109.0.0.0'/>
            </parameters>
            <steps>
                <step start='1676229158930' status='passed' stop='1676229158946'>
                    <name>findElements</name>
                    <title>findElements</title>
                    <attachments>
                        <attachment title='Request' source='63566461-e8c5-41ff-a523-3dab510524ca-attachment.json' type='application/json' size='55'/>
                        <attachment title='Response' source='40a265e3-9c0f-440a-84c1-078ecdddd6cb-attachment.json' type='application/json' size='2'/>
                    </attachments>
                    <steps/>
                </step>
                <step start='1676229158951' status='passed' stop='1676229159110'>
                    <name>takeScreenshot</name>
                    <title>takeScreenshot</title>
                    <attachments>
                        <attachment title='Screenshot' source='cb4a60d8-649a-4b09-b1ae-48f525ab6859-attachment.png' type='image/png' size='17427'/>
                    </attachments>
                    <steps/>
                </step>
            </steps>
            <attachments/>
            <failure>
                <message>Element could not be found</message>
                <stack-trace>Error: Element could not be found
                    at processTicksAndRejections (node:internal/process/task_queues:96:5)</stack-trace>
            </failure>
        </test-case>
        <test-case start='1676229159112' status='passed' stop='1676229159113'>
            <name>should verify the links under Services dropdown</name>
            <title>should verify the links under Services dropdown</title>
            <labels>
                <label name='language' value='javascript'/>
                <label name='framework' value='wdio'/>
                <label name='thread' value='0-1'/>
            </labels>
            <parameters>
                <parameter kind='argument' name='browser' value='chrome-109.0.0.0'/>
            </parameters>
            <steps>
                <step start='1676229159115' status='undefined'>
                    <name>findElement</name>
                    <title>findElement</title>
                    <attachments>
                        <attachment title='Request' source='5482dbd4-dd9b-4953-97a2-def38a1b6fa4-attachment.json' type='application/json' size='88'/>
                    </attachments>
                    <steps>
                        <step start='1676229159115' status='undefined'>
                            <name>findElements</name>
                            <title>findElements</title>
                            <attachments>
                                <attachment title='Request' source='6f512f67-ab0d-4576-bbc9-946bfbe8d6a4-attachment.json' type='application/json' size='88'/>
                            </attachments>
                            <steps>
                                <step start='1676229159116' status='undefined'>
                                    <name>findElement</name>
                                    <title>findElement</title>
                                    <attachments>
                                        <attachment title='Request' source='c61d67b1-12e2-44c8-9ffa-5c55e74fe46e-attachment.json' type='application/json' size='84'/>
                                    </attachments>
                                    <steps/>
                                </step>
                            </steps>
                        </step>
                    </steps>
                </step>
            </steps>
            <attachments/>
        </test-case>
        <test-case start='1676229159116' status='broken' stop='1676229159250'>
            <name>should verify that user landed on the expected URL</name>
            <title>should verify that user landed on the expected URL</title>
            <labels>
                <label name='language' value='javascript'/>
                <label name='framework' value='wdio'/>
                <label name='thread' value='0-1'/>
            </labels>
            <parameters>
                <parameter kind='argument' name='browser' value='chrome-109.0.0.0'/>
            </parameters>
            <steps>
                <step start='1676229159116' status='broken' stop='1676229159250'>
                    <name>findElements</name>
                    <title>findElements</title>
                    <attachments>
                        <attachment title='Request' source='099e8382-a96c-47e2-93f0-ffe817bd4ee8-attachment.json' type='application/json' size='84'/>
                    </attachments>
                    <steps>
                        <step start='1676229159128' status='passed' stop='1676229159129'>
                            <name>findElements</name>
                            <title>findElements</title>
                            <attachments>
                                <attachment title='Request' source='d2229159-1e9e-4bff-a53f-51ef9a00a904-attachment.json' type='application/json' size='54'/>
                                <attachment title='Response' source='0f63bcf5-c14c-48b1-94d8-e62801269019-attachment.json' type='application/json' size='2'/>
                            </attachments>
                            <steps/>
                        </step>
                        <step start='1676229159132' status='passed' stop='1676229159250'>
                            <name>takeScreenshot</name>
                            <title>takeScreenshot</title>
                            <attachments>
                                <attachment title='Screenshot' source='8129a8cb-b74c-4a85-9dae-2e69e5c7a780-attachment.png' type='image/png' size='17427'/>
                            </attachments>
                            <steps/>
                        </step>
                    </steps>
                </step>
            </steps>
            <attachments/>
            <failure>
                <message>Element could not be found</message>
                <stack-trace>Error: Element could not be found
                    at processTicksAndRejections (node:internal/process/task_queues:96:5)</stack-trace>
            </failure>
        </test-case>
    </test-cases>
</ns2:test-suite>