<?xml version='1.0'?>
<ns2:test-suite xmlns:ns2='urn:model.allure.qatools.yandex.ru' start='1676226546490' stop='1676226546796'>
    <name>should test Service dropdown in the top nav bar</name>
    <title>should test Service dropdown in the top nav bar</title>
    <test-cases>
        <test-case start='1676226546491' status='broken' stop='1676226546671'>
            <name>should click on the “Services” dropdown in the top nav bar,</name>
            <title>should click on the “Services” dropdown in the top nav bar,</title>
            <labels>
                <label name='language' value='javascript'/>
                <label name='framework' value='wdio'/>
                <label name='thread' value='0-1'/>
            </labels>
            <parameters>
                <parameter kind='argument' name='browser' value='chrome-109.0.0.0'/>
            </parameters>
            <steps>
                <step start='1676226546494' status='passed' stop='1676226546504'>
                    <name>findElements</name>
                    <title>findElements</title>
                    <attachments>
                        <attachment title='Request' source='bb970b2e-c06d-4f28-9167-a9aa3e6a3da4-attachment.json' type='application/json' size='55'/>
                        <attachment title='Response' source='7f9ebd9c-92b0-42bc-bc3f-94bcda020256-attachment.json' type='application/json' size='2'/>
                    </attachments>
                    <steps/>
                </step>
                <step start='1676226546508' status='passed' stop='1676226546670'>
                    <name>takeScreenshot</name>
                    <title>takeScreenshot</title>
                    <attachments>
                        <attachment title='Screenshot' source='c1c4fc96-35c0-44db-b232-17c96bb2ff49-attachment.png' type='image/png' size='17427'/>
                    </attachments>
                    <steps/>
                </step>
            </steps>
            <attachments/>
            <failure>
                <message>Element could not be found</message>
                <stack-trace>Error: Element could not be found
                    at processTicksAndRejections (node:internal/process/task_queues:96:5)</stack-trace>
            </failure>
        </test-case>
        <test-case start='1676226546671' status='passed' stop='1676226546672'>
            <name>should verify Services dropdown in the top nav bar this should open a dropdown menu</name>
            <title>should verify Services dropdown in the top nav bar this should open a dropdown menu</title>
            <labels>
                <label name='language' value='javascript'/>
                <label name='framework' value='wdio'/>
                <label name='thread' value='0-1'/>
            </labels>
            <parameters>
                <parameter kind='argument' name='browser' value='chrome-109.0.0.0'/>
            </parameters>
            <steps/>
            <attachments/>
        </test-case>
        <test-case start='1676226546672' status='broken' stop='1676226546796'>
            <name>should verify that user landed on the expected URL</name>
            <title>should verify that user landed on the expected URL</title>
            <labels>
                <label name='language' value='javascript'/>
                <label name='framework' value='wdio'/>
                <label name='thread' value='0-1'/>
            </labels>
            <parameters>
                <parameter kind='argument' name='browser' value='chrome-109.0.0.0'/>
            </parameters>
            <steps>
                <step start='1676226546674' status='passed' stop='1676226546675'>
                    <name>findElements</name>
                    <title>findElements</title>
                    <attachments>
                        <attachment title='Request' source='07c5862d-21e8-4500-b79a-6fc73853bf37-attachment.json' type='application/json' size='54'/>
                        <attachment title='Response' source='96f90741-825b-4d28-be81-1b42b2033a63-attachment.json' type='application/json' size='2'/>
                    </attachments>
                    <steps/>
                </step>
                <step start='1676226546678' status='passed' stop='1676226546795'>
                    <name>takeScreenshot</name>
                    <title>takeScreenshot</title>
                    <attachments>
                        <attachment title='Screenshot' source='b0aacac6-afab-4ed0-9b00-0c7382e37a65-attachment.png' type='image/png' size='17427'/>
                    </attachments>
                    <steps/>
                </step>
            </steps>
            <attachments/>
            <failure>
                <message>Element could not be found</message>
                <stack-trace>Error: Element could not be found
                    at processTicksAndRejections (node:internal/process/task_queues:96:5)</stack-trace>
            </failure>
        </test-case>
    </test-cases>
</ns2:test-suite>