<?xml version='1.0'?>
<ns2:test-suite xmlns:ns2='urn:model.allure.qatools.yandex.ru' start='1676229647159' stop='1676229647500'>
    <name>should test Service dropdown in the top nav bar</name>
    <title>should test Service dropdown in the top nav bar</title>
    <test-cases>
        <test-case start='1676229647160' status='broken' stop='1676229647367'>
            <name>should click on the “Services” dropdown in the top nav bar,</name>
            <title>should click on the “Services” dropdown in the top nav bar,</title>
            <labels>
                <label name='language' value='javascript'/>
                <label name='framework' value='wdio'/>
                <label name='thread' value='0-0'/>
            </labels>
            <parameters>
                <parameter kind='argument' name='browser' value='chrome-109.0.0.0'/>
            </parameters>
            <steps>
                <step start='1676229647169' status='passed' stop='1676229647196'>
                    <name>findElements</name>
                    <title>findElements</title>
                    <attachments>
                        <attachment title='Request' source='1719966e-ab8c-4453-965d-91b65e841397-attachment.json' type='application/json' size='55'/>
                        <attachment title='Response' source='84c67b34-3c6b-47ab-98b8-ed3ad482493d-attachment.json' type='application/json' size='2'/>
                    </attachments>
                    <steps/>
                </step>
                <step start='1676229647200' status='passed' stop='1676229647366'>
                    <name>takeScreenshot</name>
                    <title>takeScreenshot</title>
                    <attachments>
                        <attachment title='Screenshot' source='a4fe0c47-e742-49ca-b72b-bfc430e45ec1-attachment.png' type='image/png' size='17427'/>
                    </attachments>
                    <steps/>
                </step>
            </steps>
            <attachments/>
            <failure>
                <message>Element could not be found</message>
                <stack-trace>Error: Element could not be found
                    at processTicksAndRejections (node:internal/process/task_queues:96:5)</stack-trace>
            </failure>
        </test-case>
        <test-case start='1676229647367' status='passed' stop='1676229647369'>
            <name>should verify the links under Services dropdown</name>
            <title>should verify the links under Services dropdown</title>
            <labels>
                <label name='language' value='javascript'/>
                <label name='framework' value='wdio'/>
                <label name='thread' value='0-0'/>
            </labels>
            <parameters>
                <parameter kind='argument' name='browser' value='chrome-109.0.0.0'/>
            </parameters>
            <steps>
                <step start='1676229647370' status='undefined'>
                    <name>findElement</name>
                    <title>findElement</title>
                    <attachments>
                        <attachment title='Request' source='aaf02339-e176-4b29-9143-ab8f95cda71c-attachment.json' type='application/json' size='88'/>
                    </attachments>
                    <steps>
                        <step start='1676229647371' status='undefined'>
                            <name>findElements</name>
                            <title>findElements</title>
                            <attachments>
                                <attachment title='Request' source='58e8d94b-223d-48c2-ad7d-0f4aa91103fb-attachment.json' type='application/json' size='88'/>
                            </attachments>
                            <steps/>
                        </step>
                    </steps>
                </step>
            </steps>
            <attachments/>
        </test-case>
        <test-case start='1676229647371' status='broken' stop='1676229647500'>
            <name>should verify that user landed on the expected URL</name>
            <title>should verify that user landed on the expected URL</title>
            <labels>
                <label name='language' value='javascript'/>
                <label name='framework' value='wdio'/>
                <label name='thread' value='0-0'/>
            </labels>
            <parameters>
                <parameter kind='argument' name='browser' value='chrome-109.0.0.0'/>
            </parameters>
            <steps>
                <step start='1676229647371' status='broken' stop='1676229647500'>
                    <name>findElement</name>
                    <title>findElement</title>
                    <attachments>
                        <attachment title='Request' source='37072e7c-c913-4897-aa03-6ef6687e4339-attachment.json' type='application/json' size='84'/>
                    </attachments>
                    <steps>
                        <step start='1676229647371' status='broken' stop='1676229647500'>
                            <name>findElements</name>
                            <title>findElements</title>
                            <attachments>
                                <attachment title='Request' source='daa7b6c2-9504-435a-b4ac-a4ccb8a69528-attachment.json' type='application/json' size='84'/>
                            </attachments>
                            <steps>
                                <step start='1676229647381' status='passed' stop='1676229647383'>
                                    <name>findElements</name>
                                    <title>findElements</title>
                                    <attachments>
                                        <attachment title='Request' source='2a873246-a0d2-4615-8050-cb61db32ae80-attachment.json' type='application/json' size='54'/>
                                        <attachment title='Response' source='3d1e5108-ad73-4e40-b657-28fe3ccb53c0-attachment.json' type='application/json' size='2'/>
                                    </attachments>
                                    <steps/>
                                </step>
                                <step start='1676229647385' status='passed' stop='1676229647499'>
                                    <name>takeScreenshot</name>
                                    <title>takeScreenshot</title>
                                    <attachments>
                                        <attachment title='Screenshot' source='13952d8b-3d8b-45bf-a738-00e8bce8251b-attachment.png' type='image/png' size='17427'/>
                                    </attachments>
                                    <steps/>
                                </step>
                            </steps>
                        </step>
                    </steps>
                </step>
            </steps>
            <attachments/>
            <failure>
                <message>Element could not be found</message>
                <stack-trace>Error: Element could not be found
                    at processTicksAndRejections (node:internal/process/task_queues:96:5)</stack-trace>
            </failure>
        </test-case>
    </test-cases>
</ns2:test-suite>